MANPATH=/app/modules/share/man:
CUDA_HOME_modshare=/GPUFS/app_GPU/compiler/CUDA/10.1.2:1
HOSTNAME=gpu2
_LMFILES__modshare=/app/modulefiles_GPU/compiler/CUDA/10.1.2:1:/app/modulefiles_GPU/application/cmake/3.9.0-gcc-4.8.5:1:/app/modulefiles_GPU/MPI/mvapich2/2.3rc2-gcc-CUDA-10.1.2:1
MODULEPATH_modshare=/app/modules/modulefiles:1
SHELL=/bin/bash
TERM=xterm
MODULES_CMD=/app/modules/libexec/modulecmd.tcl
C_INCLUDE_PATH_modshare=/GPUFS/app_GPU/CUDA/nvidia/include/nvidia:1:/GPUFS/app_GPU/compiler/CUDA/10.1.2/include:1
HISTSIZE=1000
SSH_CLIENT=89.72.31.2 41790 22
LIBRARY_PATH=/GPUFS/app_GPU/MPI/mvapich2/2.3rc2-gcc-CUDA-10.1.2/lib:/GPUFS/app_GPU/CUDA/nvidia/lib64/nvidia:/GPUFS/app_GPU/compiler/CUDA/10.1.2/lib64/stubs:/GPUFS/app_GPU/compiler/CUDA/10.1.2/libnvvp:/GPUFS/app_GPU/compiler/CUDA/10.1.2/libnsight:/GPUFS/app_GPU/compiler/CUDA/10.1.2/lib64
LIBRARY_PATH_modshare=/GPUFS/app_GPU/compiler/CUDA/10.1.2/lib64/stubs:1:/GPUFS/app_GPU/compiler/CUDA/10.1.2/libnvvp:1:/GPUFS/app_GPU/compiler/CUDA/10.1.2/lib64:1:/GPUFS/app_GPU/MPI/mvapich2/2.3rc2-gcc-CUDA-10.1.2/lib:1:/GPUFS/app_GPU/CUDA/nvidia/lib64/nvidia:1:/GPUFS/app_GPU/compiler/CUDA/10.1.2/libnsight:1
CMAKE_PREFIX_PATH_modshare=/GPUFS/app_GPU/application/cmake/3.9.0:1
SSH_TTY=/dev/pts/0
USER=USER
CUDA_HOME=/GPUFS/app_GPU/compiler/CUDA/10.1.2
LS_COLORS=rs=0:di=01;34:ln=01;36:mh=00:pi=40;33:so=01;35:do=01;35:bd=40;33;01:cd=40;33;01:or=40;31;01:mi=01;05;37;41:su=37;41:sg=30;43:ca=30;41:tw=30;42:ow=34;42:st=37;44:ex=01;32:*.tar=01;31:*.tgz=01;31:*.arc=01;31:*.arj=01;31:*.taz=01;31:*.lha=01;31:*.lz4=01;31:*.lzh=01;31:*.lzma=01;31:*.tlz=01;31:*.txz=01;31:*.tzo=01;31:*.t7z=01;31:*.zip=01;31:*.z=01;31:*.Z=01;31:*.dz=01;31:*.gz=01;31:*.lrz=01;31:*.lz=01;31:*.lzo=01;31:*.xz=01;31:*.bz2=01;31:*.bz=01;31:*.tbz=01;31:*.tbz2=01;31:*.tz=01;31:*.deb=01;31:*.rpm=01;31:*.jar=01;31:*.war=01;31:*.ear=01;31:*.sar=01;31:*.rar=01;31:*.alz=01;31:*.ace=01;31:*.zoo=01;31:*.cpio=01;31:*.7z=01;31:*.rz=01;31:*.cab=01;31:*.jpg=01;35:*.jpeg=01;35:*.gif=01;35:*.bmp=01;35:*.pbm=01;35:*.pgm=01;35:*.ppm=01;35:*.tga=01;35:*.xbm=01;35:*.xpm=01;35:*.tif=01;35:*.tiff=01;35:*.png=01;35:*.svg=01;35:*.svgz=01;35:*.mng=01;35:*.pcx=01;35:*.mov=01;35:*.mpg=01;35:*.mpeg=01;35:*.m2v=01;35:*.mkv=01;35:*.webm=01;35:*.ogm=01;35:*.mp4=01;35:*.m4v=01;35:*.mp4v=01;35:*.vob=01;35:*.qt=01;35:*.nuv=01;35:*.wmv=01;35:*.asf=01;35:*.rm=01;35:*.rmvb=01;35:*.flc=01;35:*.avi=01;35:*.fli=01;35:*.flv=01;35:*.gl=01;35:*.dl=01;35:*.xcf=01;35:*.xwd=01;35:*.yuv=01;35:*.cgm=01;35:*.emf=01;35:*.axv=01;35:*.anx=01;35:*.ogv=01;35:*.ogx=01;35:*.aac=01;36:*.au=01;36:*.flac=01;36:*.mid=01;36:*.midi=01;36:*.mka=01;36:*.mp3=01;36:*.mpc=01;36:*.ogg=01;36:*.ra=01;36:*.wav=01;36:*.axa=01;36:*.oga=01;36:*.spx=01;36:*.xspf=01;36:
LD_LIBRARY_PATH=/GPUFS/USER/software/relion0412/external/fftw/lib:/GPUFS/app_GPU/MPI/mvapich2/2.3rc2-gcc-CUDA-10.1.2/lib:/usr/lib64:/GPUFS/app_GPU/CUDA/nvidia/lib64/nvidia:/GPUFS/app_GPU/compiler/CUDA/10.1.2/lib64/stubs:/GPUFS/app_GPU/compiler/CUDA/10.1.2/libnvvp:/GPUFS/app_GPU/compiler/CUDA/10.1.2/libnsight:/GPUFS/app_GPU/compiler/CUDA/10.1.2/lib64
MODULES_LMPREREQ=mvapich2/2.3rc2-gcc-CUDA-10.1.2&CUDA/10.1.2
INCLUDE_modshare=/GPUFS/app_GPU/MPI/mvapich2/2.3rc2-gcc-CUDA-10.1.2/include:1
ENV=/app/modules/init/profile.sh
CPATH=/GPUFS/app_GPU/MPI/mvapich2/2.3rc2-gcc-CUDA-10.1.2/include:/GPUFS/app_GPU/CUDA/nvidia/include/nvidia:/GPUFS/app_GPU/compiler/CUDA/10.1.2/include
PATH=/GPUFS/app_GPU/MPI/mvapich2/2.3rc2-gcc-CUDA-10.1.2/bin:/GPUFS/app_GPU/MPI/mvapich2/2.3rc2-gcc-CUDA-10.1.2/libexec:/GPUFS/app_GPU/application/cmake/3.9.0/bin:/GPUFS/app_GPU/compiler/CUDA/10.1.2/bin:/app/modules/bin:/usr/local/bin:/usr/bin:/usr/local/sbin:/usr/sbin:/opt/ibutils/bin:/GPUFS/USER/.local/bin:/GPUFS/USER/bin
MAIL=/var/spool/mail/USER
MODULES_LMCONFLICT=CUDA/10.1.2&CUDA:cmake/3.9.0-gcc-4.8.5&cmake:mvapich2/2.3rc2-gcc-CUDA-10.1.2&mvapich2
_=/usr/bin/env
C_INCLUDE_PATH=/GPUFS/app_GPU/CUDA/nvidia/include/nvidia:/GPUFS/app_GPU/compiler/CUDA/10.1.2/include
PWD=/GPUFS/USER
SLURM_STEP_KILLED_MSG_NODE_ID=0
_LMFILES_=/app/modulefiles_GPU/compiler/CUDA/10.1.2:/app/modulefiles_GPU/application/cmake/3.9.0-gcc-4.8.5:/app/modulefiles_GPU/MPI/mvapich2/2.3rc2-gcc-CUDA-10.1.2
NSS_YHPC_GROUP=AAAALjAsAhQMXw7So1OAG0a6lrUN86L9NmCpTQIUV+FkDDzYxh2SiKsyg0yLHS0QZ6AyOmljdF96eWxpdTo1Mzc4OnRpYW5oZTJrX2dwdV92MTAwOjg5ODA=
LANG=en_US.UTF-8
NSS_YHPC_PASSWD=AAAALzAtAhUAzsMUS05dbKEiF8o3a05g042qQJUCFH3rfSxccoieIfJZyBXw2clIW7z+aWN0X3p5bGl1XzI6eDo4NTUzOjUzNzg6aWN0X3p5bGl1XzI6L0dQVUZTL2ljdF96eWxpdV8yOi9iaW4vYmFzaA==
MODULEPATH=/app/modulefiles/compiler:/app/modulefiles/MPI:/app/modulefiles/application:/app/modulefiles/library:/app/modulefiles_GPU/compiler:/app/modulefiles_GPU/MPI:/app/modulefiles_GPU/application:/app/modulefiles_GPU/library
LOADEDMODULES=CUDA/10.1.2:cmake/3.9.0-gcc-4.8.5:mvapich2/2.3rc2-gcc-CUDA-10.1.2
CPATH_modshare=/GPUFS/app_GPU/MPI/mvapich2/2.3rc2-gcc-CUDA-10.1.2/include:1:/GPUFS/app_GPU/CUDA/nvidia/include/nvidia:1:/GPUFS/app_GPU/compiler/CUDA/10.1.2/include:1
SLURM_DISTRIBUTION=block:block
HISTCONTROL=ignoredups
HOME=/GPUFS/USER
SHLVL=2
MODULES_LMCONFLICT_modshare=mvapich2/2.3rc2-gcc-CUDA-10.1.2&mvapich2:1:CUDA/10.1.2&CUDA:1:cmake/3.9.0-gcc-4.8.5&cmake:1
PATH_modshare=/GPUFS/app_GPU/compiler/CUDA/10.1.2/bin:1:/app/modules/bin:1:/usr/sbin:1:/GPUFS/app_GPU/application/cmake/3.9.0/bin:1:/usr/bin:1:/opt/ibutils/bin:1:/GPUFS/app_GPU/MPI/mvapich2/2.3rc2-gcc-CUDA-10.1.2/libexec:1:/usr/local/sbin:1:/GPUFS/app_GPU/MPI/mvapich2/2.3rc2-gcc-CUDA-10.1.2/bin:1:/usr/local/bin:1
BASH_ENV=/app/modules/init/bash
LOGNAME=USER
LD_LIBRARY_PATH_modshare=/GPUFS/app_GPU/compiler/CUDA/10.1.2/lib64/stubs:1:/GPUFS/app_GPU/compiler/CUDA/10.1.2/libnvvp:1:/GPUFS/app_GPU/compiler/CUDA/10.1.2/lib64:1:/GPUFS/app_GPU/MPI/mvapich2/2.3rc2-gcc-CUDA-10.1.2/lib:1:/usr/lib64:1:/GPUFS/app_GPU/CUDA/nvidia/lib64/nvidia:1:/GPUFS/app_GPU/compiler/CUDA/10.1.2/libnsight:1
MODULES_LMPREREQ_modshare=mvapich2/2.3rc2-gcc-CUDA-10.1.2&CUDA/10.1.2:1
SSH_CONNECTION=89.72.31.2 41790 89.72.32.2 22
MODULESHOME=/app/modules
LESSOPEN=||/usr/bin/lesspipe.sh %s
LOADEDMODULES_modshare=mvapich2/2.3rc2-gcc-CUDA-10.1.2:1:CUDA/10.1.2:1:cmake/3.9.0-gcc-4.8.5:1
MV2_HYBRID_ENABLE_THRESHOLD=0
ACLOCAL_PATH=/GPUFS/app_GPU/application/cmake/3.9.0/share/aclocal
ACLOCAL_PATH_modshare=/GPUFS/app_GPU/application/cmake/3.9.0/share/aclocal:1
CMAKE_PREFIX_PATH=/GPUFS/app_GPU/application/cmake/3.9.0
CUDA_ROOT=/GPUFS/app_GPU/compiler/CUDA/10.1.2
INCLUDE=/GPUFS/app_GPU/MPI/mvapich2/2.3rc2-gcc-CUDA-10.1.2/include
SLURM_SRUN_REDUCE_TASK_EXIT_MSG=1
BASH_FUNC_module()=() {  _module_raw "$@" 2>&1
}
BASH_FUNC_switchml()=() {  typeset swfound=1;
 if [ "${MODULES_USE_COMPAT_VERSION:-0}" = '1' ]; then
 typeset swname='main';
 if [ -e /app/modules/libexec/modulecmd.tcl ]; then
 typeset swfound=0;
 unset MODULES_USE_COMPAT_VERSION;
 fi;
 else
 typeset swname='compatibility';
 if [ -e /app/modules/libexec/modulecmd-compat ]; then
 typeset swfound=0;
 MODULES_USE_COMPAT_VERSION=1;
 export MODULES_USE_COMPAT_VERSION;
 fi;
 fi;
 if [ $swfound -eq 0 ]; then
 echo "Switching to Modules $swname version";
 source /app/modules/init/bash;
 else
 echo "Cannot switch to Modules $swname version, command not found";
 return 1;
 fi
}
BASH_FUNC__module_raw()=() {  unset _mlshdbg;
 if [ "${MODULES_SILENT_SHELL_DEBUG:-0}" = '1' ]; then
 case "$-" in 
 *v*x*)
 set +vx;
 _mlshdbg='vx'
 ;;
 *v*)
 set +v;
 _mlshdbg='v'
 ;;
 *x*)
 set +x;
 _mlshdbg='x'
 ;;
 *)
 _mlshdbg=''
 ;;
 esac;
 fi;
 unset _mlre _mlIFS;
 if [ -n "${IFS+x}" ]; then
 _mlIFS=$IFS;
 fi;
 IFS=' ';
 for _mlv in ${MODULES_RUN_QUARANTINE:-};
 do
 if [ "${_mlv}" = "${_mlv##*[!A-Za-z0-9_]}" -a "${_mlv}" = "${_mlv#[0-9]}" ]; then
 if [ -n "`eval 'echo ${'$_mlv'+x}'`" ]; then
 _mlre="${_mlre:-}${_mlv}_modquar='`eval 'echo ${'$_mlv'}'`' ";
 fi;
 _mlrv="MODULES_RUNENV_${_mlv}";
 _mlre="${_mlre:-}${_mlv}='`eval 'echo ${'$_mlrv':-}'`' ";
 fi;
 done;
 if [ -n "${_mlre:-}" ]; then
 eval `eval ${_mlre}/app/modules/bin/tclsh /app/modules/libexec/modulecmd.tcl bash '"$@"'`;
 else
 eval `/app/modules/bin/tclsh /app/modules/libexec/modulecmd.tcl bash "$@"`;
 fi;
 _mlstatus=$?;
 if [ -n "${_mlIFS+x}" ]; then
 IFS=$_mlIFS;
 else
 unset IFS;
 fi;
 unset _mlre _mlv _mlrv _mlIFS;
 if [ -n "${_mlshdbg:-}" ]; then
 set -$_mlshdbg;
 fi;
 unset _mlshdbg;
 return $_mlstatus
}
+ lsb_release -a
sc.sh: line 10: lsb_release: command not found
+ uname -a
Linux gpu2 3.10.0-957.el7.x86_64 #1 SMP Sat Oct 12 02:01:43 CST 2019 x86_64 x86_64 x86_64 GNU/Linux
+ lscpu
Architecture:          x86_64
CPU op-mode(s):        32-bit, 64-bit
Byte Order:            Little Endian
CPU(s):                28
On-line CPU(s) list:   0-27
Thread(s) per core:    1
Core(s) per socket:    14
Socket(s):             2
NUMA node(s):          2
Vendor ID:             GenuineIntel
CPU family:            6
Model:                 85
Model name:            Intel(R) Xeon(R) Gold 6132 CPU @ 2.60GHz
Stepping:              4
CPU MHz:               999.914
CPU max MHz:           3700.0000
CPU min MHz:           1000.0000
BogoMIPS:              5200.00
Virtualization:        VT-x
L1d cache:             32K
L1i cache:             32K
L2 cache:              1024K
L3 cache:              19712K
NUMA node0 CPU(s):     0-13
NUMA node1 CPU(s):     14-27
Flags:                 fpu vme de pse tsc msr pae mce cx8 apic sep mtrr pge mca cmov pat pse36 clflush dts acpi mmx fxsr sse sse2 ss ht tm pbe syscall nx pdpe1gb rdtscp lm constant_tsc art arch_perfmon pebs bts rep_good nopl xtopology nonstop_tsc aperfmperf eagerfpu pni pclmulqdq dtes64 monitor ds_cpl vmx smx est tm2 ssse3 sdbg fma cx16 xtpr pdcm pcid dca sse4_1 sse4_2 x2apic movbe popcnt tsc_deadline_timer aes xsave avx f16c rdrand lahf_lm abm 3dnowprefetch epb cat_l3 cdp_l3 intel_ppin intel_pt ssbd mba ibrs ibpb stibp tpr_shadow vnmi flexpriority ept vpid fsgsbase tsc_adjust bmi1 hle avx2 smep bmi2 erms invpcid rtm cqm mpx rdt_a avx512f avx512dq rdseed adx smap clflushopt clwb avx512cd avx512bw avx512vl xsaveopt xsavec xgetbv1 cqm_llc cqm_occup_llc cqm_mbm_total cqm_mbm_local dtherm ida arat pln pts hwp hwp_act_window hwp_epp hwp_pkg_req pku ospke spec_ctrl intel_stibp flush_l1d
+ cat /proc/meminfo
MemTotal:       263040320 kB
MemFree:        254865264 kB
MemAvailable:   256718548 kB
Buffers:            2080 kB
Cached:          2391896 kB
SwapCached:            0 kB
Active:          1955900 kB
Inactive:         909656 kB
Active(anon):     472992 kB
Inactive(anon):    20772 kB
Active(file):    1482908 kB
Inactive(file):   888884 kB
Unevictable:           0 kB
Mlocked:               0 kB
SwapTotal:             0 kB
SwapFree:              0 kB
Dirty:                 8 kB
Writeback:             0 kB
AnonPages:        472304 kB
Mapped:           145728 kB
Shmem:             22180 kB
Slab:            1627204 kB
SReclaimable:     365344 kB
SUnreclaim:      1261860 kB
KernelStack:       22624 kB
PageTables:         9568 kB
NFS_Unstable:          0 kB
Bounce:                0 kB
WritebackTmp:          0 kB
CommitLimit:    131520160 kB
Committed_AS:    2840572 kB
VmallocTotal:   34359738367 kB
VmallocUsed:     1406160 kB
VmallocChunk:   34224117068 kB
HardwareCorrupted:     0 kB
AnonHugePages:    174080 kB
CmaTotal:              0 kB
CmaFree:               0 kB
HugePages_Total:       0
HugePages_Free:        0
HugePages_Rsvd:        0
HugePages_Surp:        0
Hugepagesize:       2048 kB
DirectMap4k:    14621696 kB
DirectMap2M:    233011200 kB
DirectMap1G:    19922944 kB
+ inxi -F -c0
sc.sh: line 14: inxi: command not found
+ lsblk -a
NAME   MAJ:MIN RM  SIZE RO TYPE MOUNTPOINT
sda      8:0    0  931G  0 disk 
├─sda1   8:1    0    2G  0 part /boot
├─sda2   8:2    0  100G  0 part /
└─sda3   8:3    0  400G  0 part /var/lib/docker
sdb      8:16   1        0 disk 
+ lsscsi -s
[0:2:0:0]    disk    AVAGO    INSPUR           4.65  /dev/sda    999GB
[1:0:0:0]    disk    Generic  Ultra HS-COMBO   1.98  /dev/sdb        -
+ module list
+ _module_raw list
+ unset _mlshdbg
+ '[' 0 = 1 ']'
+ unset _mlre _mlIFS
+ '[' -n x ']'
+ _mlIFS=' 	
'
+ IFS=' '
+ '[' -n '' ']'
++ /app/modules/bin/tclsh /app/modules/libexec/modulecmd.tcl bash list
Currently Loaded Modulefiles:
 1) CUDA/10.1.2   2) cmake/3.9.0-gcc-4.8.5   3) mvapich2/2.3rc2-gcc-CUDA-10.1.2  
+ eval
+ _mlstatus=0
+ '[' -n x ']'
+ IFS=' 	
'
+ unset _mlre _mlv _mlrv _mlIFS
+ '[' -n '' ']'
+ unset _mlshdbg
+ return 0
+ nvidia-smi
Thu Apr 23 18:13:52 2020       
+-----------------------------------------------------------------------------+
| NVIDIA-SMI 418.67       Driver Version: 418.67       CUDA Version: 10.1     |
|-------------------------------+----------------------+----------------------+
| GPU  Name        Persistence-M| Bus-Id        Disp.A | Volatile Uncorr. ECC |
| Fan  Temp  Perf  Pwr:Usage/Cap|         Memory-Usage | GPU-Util  Compute M. |
|===============================+======================+======================|
|   0  Tesla V100-SXM2...  Off  | 00000000:8A:00.0 Off |                    0 |
| N/A   32C    P0    37W / 300W |      0MiB / 16130MiB |      0%      Default |
+-------------------------------+----------------------+----------------------+
|   1  Tesla V100-SXM2...  Off  | 00000000:8B:00.0 Off |                    0 |
| N/A   29C    P0    38W / 300W |      0MiB / 16130MiB |      0%      Default |
+-------------------------------+----------------------+----------------------+
|   2  Tesla V100-SXM2...  Off  | 00000000:B3:00.0 Off |                    0 |
| N/A   30C    P0    39W / 300W |      0MiB / 16130MiB |      0%      Default |
+-------------------------------+----------------------+----------------------+
|   3  Tesla V100-SXM2...  Off  | 00000000:B4:00.0 Off |                    0 |
| N/A   31C    P0    40W / 300W |      0MiB / 16130MiB |      0%      Default |
+-------------------------------+----------------------+----------------------+
                                                                               
+-----------------------------------------------------------------------------+
| Processes:                                                       GPU Memory |
|  GPU       PID   Type   Process name                             Usage      |
|=============================================================================|
|  No running processes found                                                 |
+-----------------------------------------------------------------------------+
+ lshw -short -quiet -sanitize
+ cat
WARNING: you should run this program as super-user.
H/W path             Device      Class          Description
===========================================================
                                 system         Computer
/0                               bus            Motherboard
/0/1                             memory         255GiB System memory
/0/3                             processor      Intel(R) Xeon(R) Gold 6132 CPU @ 2.60GHz
/0/6                             processor      Intel(R) Xeon(R) Gold 6132 CPU @ 2.60GHz
/0/100                           bridge         Sky Lake-E DMI3 Registers
/0/100/4                         generic        Sky Lake-E CBDMA Registers
/0/100/4.1                       generic        Sky Lake-E CBDMA Registers
/0/100/4.2                       generic        Sky Lake-E CBDMA Registers
/0/100/4.3                       generic        Sky Lake-E CBDMA Registers
/0/100/4.4                       generic        Sky Lake-E CBDMA Registers
/0/100/4.5                       generic        Sky Lake-E CBDMA Registers
/0/100/4.6                       generic        Sky Lake-E CBDMA Registers
/0/100/4.7                       generic        Sky Lake-E CBDMA Registers
/0/100/5                         generic        Sky Lake-E MM/Vt-d Configuration Registers
/0/100/5.2                       generic        Intel Corporation
/0/100/5.4                       generic        Intel Corporation
/0/100/8                         generic        Sky Lake-E Ubox Registers
/0/100/8.1                       generic        Sky Lake-E Ubox Registers
/0/100/8.2                       generic        Sky Lake-E Ubox Registers
/0/100/11                        generic        C620 Series Chipset Family MROM 0
/0/100/11.1                      generic        C620 Series Chipset Family MROM 1
/0/100/14                        bus            C620 Series Chipset Family USB 3.0 xHCI Controller
/0/100/14.2                      generic        C620 Series Chipset Family Thermal Subsystem
/0/100/16                        communication  C620 Series Chipset Family MEI Controller #1
/0/100/16.1                      communication  C620 Series Chipset Family MEI Controller #2
/0/100/16.4                      communication  C620 Series Chipset Family MEI Controller #3
/0/100/17                        storage        C620 Series Chipset Family SATA Controller [AHCI mode]
/0/100/1c                        bridge         C620 Series Chipset Family PCI Express Root Port #1
/0/100/1c/0                      bridge         AST1150 PCI-to-PCI Bridge
/0/100/1c/0/0                    display        ASPEED Graphics Family
/0/100/1f                        bridge         C624 Series Chipset LPC/eSPI Controller
/0/100/1f.2                      memory         Memory controller
/0/100/1f.4                      bus            C620 Series Chipset Family SMBus
/0/100/1f.5                      bus            C620 Series Chipset Family SPI Controller
/0/7                             generic        Intel Corporation
/0/9                             generic        Sky Lake-E RAS Configuration Registers
/0/a                             generic        Intel Corporation
/0/b                             generic        Sky Lake-E CHA Registers
/0/c                             generic        Sky Lake-E CHA Registers
/0/d                             generic        Sky Lake-E CHA Registers
/0/e                             generic        Sky Lake-E CHA Registers
/0/f                             generic        Sky Lake-E CHA Registers
/0/10                            generic        Sky Lake-E CHA Registers
/0/11                            generic        Sky Lake-E CHA Registers
/0/12                            generic        Sky Lake-E CHA Registers
/0/13                            generic        Sky Lake-E CHA Registers
/0/14                            generic        Sky Lake-E CHA Registers
/0/15                            generic        Sky Lake-E CHA Registers
/0/16                            generic        Sky Lake-E CHA Registers
/0/17                            generic        Sky Lake-E CHA Registers
/0/18                            generic        Sky Lake-E CHA Registers
/0/19                            generic        Sky Lake-E CHA Registers
/0/1a                            generic        Sky Lake-E CHA Registers
/0/1b                            generic        Sky Lake-E CHA Registers
/0/1c                            generic        Sky Lake-E CHA Registers
/0/1d                            generic        Sky Lake-E CHA Registers
/0/1e                            generic        Sky Lake-E CHA Registers
/0/1f                            generic        Sky Lake-E CHA Registers
/0/20                            generic        Sky Lake-E CHA Registers
/0/21                            generic        Sky Lake-E CHA Registers
/0/22                            generic        Sky Lake-E CHA Registers
/0/23                            generic        Sky Lake-E CHA Registers
/0/24                            generic        Sky Lake-E CHA Registers
/0/25                            generic        Sky Lake-E CHA Registers
/0/26                            generic        Sky Lake-E CHA Registers
/0/27                            generic        Sky Lake-E CHA Registers
/0/28                            generic        Sky Lake-E CHA Registers
/0/29                            generic        Sky Lake-E CHA Registers
/0/2a                            generic        Sky Lake-E CHA Registers
/0/2b                            generic        Sky Lake-E CHA Registers
/0/2c                            generic        Sky Lake-E CHA Registers
/0/2d                            generic        Sky Lake-E CHA Registers
/0/2e                            generic        Sky Lake-E CHA Registers
/0/2f                            generic        Sky Lake-E CHA Registers
/0/30                            generic        Sky Lake-E CHA Registers
/0/31                            generic        Sky Lake-E CHA Registers
/0/32                            generic        Sky Lake-E CHA Registers
/0/33                            generic        Sky Lake-E CHA Registers
/0/34                            generic        Sky Lake-E CHA Registers
/0/35                            generic        Sky Lake-E CHA Registers
/0/36                            generic        Sky Lake-E CHA Registers
/0/37                            generic        Sky Lake-E CHA Registers
/0/38                            generic        Sky Lake-E CHA Registers
/0/39                            generic        Sky Lake-E CHA Registers
/0/3a                            generic        Sky Lake-E CHA Registers
/0/3b                            generic        Sky Lake-E CHA Registers
/0/3c                            generic        Sky Lake-E CHA Registers
/0/3d                            generic        Sky Lake-E CHA Registers
/0/3e                            generic        Sky Lake-E CHA Registers
/0/3f                            generic        Sky Lake-E CHA Registers
/0/40                            generic        Sky Lake-E CHA Registers
/0/41                            generic        Sky Lake-E CHA Registers
/0/42                            generic        Sky Lake-E CHA Registers
/0/43                            generic        Sky Lake-E CHA Registers
/0/44                            generic        Sky Lake-E CHA Registers
/0/45                            generic        Sky Lake-E CHA Registers
/0/46                            generic        Sky Lake-E CHA Registers
/0/47                            generic        Sky Lake-E PCU Registers
/0/48                            generic        Sky Lake-E PCU Registers
/0/49                            generic        Sky Lake-E PCU Registers
/0/4a                            generic        Sky Lake-E PCU Registers
/0/4b                            generic        Sky Lake-E PCU Registers
/0/4c                            generic        Sky Lake-E PCU Registers
/0/4d                            generic        Sky Lake-E PCU Registers
/0/4e                            generic        Intel Corporation
/0/4f                            generic        Sky Lake-E RAS Configuration Registers
/0/50                            generic        Intel Corporation
/0/51                            generic        Intel Corporation
/0/52                            generic        Intel Corporation
/0/53                            generic        Intel Corporation
/0/54                            generic        Intel Corporation
/0/55                            generic        Intel Corporation
/0/56                            generic        Intel Corporation
/0/57                            generic        Intel Corporation
/0/58                            generic        Intel Corporation
/0/59                            generic        Intel Corporation
/0/5a                            generic        Intel Corporation
/0/5b                            generic        Intel Corporation
/0/5c                            generic        Intel Corporation
/0/5d                            generic        Intel Corporation
/0/5e                            generic        Intel Corporation
/0/5f                            generic        Intel Corporation
/0/60                            generic        Intel Corporation
/0/61                            generic        Intel Corporation
/0/62                            generic        Intel Corporation
/0/63                            generic        Intel Corporation
/0/64                            generic        Intel Corporation
/0/65                            generic        Intel Corporation
/0/66                            generic        Intel Corporation
/0/67                            generic        Intel Corporation
/0/68                            generic        Intel Corporation
/0/69                            generic        Intel Corporation
/0/6a                            generic        Intel Corporation
/0/101                           bridge         Sky Lake-E PCI Express Root Port A
/0/101/0                         storage        MegaRAID SAS-3 3108 [Invader]
/0/2                             bridge         Sky Lake-E PCI Express Root Port C
/0/2/0                           bridge         Intel Corporation
/0/2/0/3                         bridge         Intel Corporation
/0/2/0/3/0           enp97s0f0   network        Ethernet Connection X722 for 10GbE SFP+
/0/2/0/3/0.1         enp97s0f1   network        Ethernet Connection X722 for 10GbE SFP+
/0/2/0/3/0.2         enp97s0f2   network        Ethernet Connection X722 for 10GbE SFP+
/0/2/0/3/0.3         enp97s0f3   network        Ethernet Connection X722 for 10GbE SFP+
/0/6b                            generic        Intel Corporation
/0/6c                            generic        Sky Lake-E RAS Configuration Registers
/0/6d                            generic        Intel Corporation
/0/6e                            generic        Intel Corporation
/0/6f                            generic        Intel Corporation
/0/70                            generic        Intel Corporation
/0/71                            generic        Intel Corporation
/0/72                            generic        Intel Corporation
/0/73                            generic        Intel Corporation
/0/74                            generic        Sky Lake-E M3KTI Registers
/0/75                            generic        Sky Lake-E M3KTI Registers
/0/76                            generic        Sky Lake-E M3KTI Registers
/0/77                            generic        Sky Lake-E M3KTI Registers
/0/78                            generic        Sky Lake-E M3KTI Registers
/0/79                            generic        Sky Lake-E M2PCI Registers
/0/7a                            generic        Sky Lake-E M2PCI Registers
/0/7b                            generic        Sky Lake-E M2PCI Registers
/0/7c                            generic        Sky Lake-E M2PCI Registers
/0/4                             generic        Sky Lake-E CBDMA Registers
/0/4.1                           generic        Sky Lake-E CBDMA Registers
/0/4.2                           generic        Sky Lake-E CBDMA Registers
/0/4.3                           generic        Sky Lake-E CBDMA Registers
/0/4.4                           generic        Sky Lake-E CBDMA Registers
/0/4.5                           generic        Sky Lake-E CBDMA Registers
/0/4.6                           generic        Sky Lake-E CBDMA Registers
/0/4.7                           generic        Sky Lake-E CBDMA Registers
/0/7d                            generic        Sky Lake-E MM/Vt-d Configuration Registers
/0/7e                            generic        Intel Corporation
/0/7f                            generic        Intel Corporation
/0/80                            generic        Sky Lake-E Ubox Registers
/0/81                            generic        Sky Lake-E Ubox Registers
/0/82                            generic        Sky Lake-E Ubox Registers
/0/102                           bridge         Sky Lake-E PCI Express Root Port A
/0/102/0                         bridge         PLX Technology, Inc.
/0/102/0/c                       bridge         PLX Technology, Inc.
/0/102/0/c/0                     bridge         PLX Technology, Inc.
/0/102/0/c/0/4                   bridge         PLX Technology, Inc.
/0/102/0/c/0/4/0                 display        GV100GL [Tesla V100 SXM2 16GB]
/0/102/0/c/0/8                   bridge         PLX Technology, Inc.
/0/102/0/c/0/8/0                 display        GV100GL [Tesla V100 SXM2 16GB]
/0/102/0/c/0/c                   bridge         PLX Technology, Inc.
/0/102/0/c/0/10                  bridge         PLX Technology, Inc.
/0/102/0/c/0/14                  bridge         PLX Technology, Inc.
/0/102/0/c/0/14/0    ib0         network        MT27700 Family [ConnectX-4]
/0/102/0/c/0/14/0.1  ib1         network        MT27700 Family [ConnectX-4]
/0/102/0/c/0/14/0.2              network        MT27700 Family [ConnectX-4 Virtual Function]
/0/102/0/c/0/14/0.3              network        MT27700 Family [ConnectX-4 Virtual Function]
/0/102/0/c/0/14/0.4              network        MT27700 Family [ConnectX-4 Virtual Function]
/0/102/0/c/0/14/0.5              network        MT27700 Family [ConnectX-4 Virtual Function]
/0/102/0/c/0/14/0.6              network        MT27700 Family [ConnectX-4 Virtual Function]
/0/102/0/c/0/14/0.7              network        MT27700 Family [ConnectX-4 Virtual Function]
/0/102/0/c/0/14/1                network        MT27700 Family [ConnectX-4 Virtual Function]
/0/102/0/c/0/14/1.1              network        MT27700 Family [ConnectX-4 Virtual Function]
/0/102/0/14                      bridge         PLX Technology, Inc.
/0/83                            generic        Intel Corporation
/0/84                            generic        Sky Lake-E RAS Configuration Registers
/0/85                            generic        Intel Corporation
/0/86                            generic        Sky Lake-E CHA Registers
/0/8.1                           generic        Sky Lake-E CHA Registers
/0/8.2                           generic        Sky Lake-E CHA Registers
/0/87                            generic        Sky Lake-E CHA Registers
/0/88                            generic        Sky Lake-E CHA Registers
/0/89                            generic        Sky Lake-E CHA Registers
/0/8a                            generic        Sky Lake-E CHA Registers
/0/8b                            generic        Sky Lake-E CHA Registers
/0/8c                            generic        Sky Lake-E CHA Registers
/0/8d                            generic        Sky Lake-E CHA Registers
/0/8e                            generic        Sky Lake-E CHA Registers
/0/8f                            generic        Sky Lake-E CHA Registers
/0/90                            generic        Sky Lake-E CHA Registers
/0/91                            generic        Sky Lake-E CHA Registers
/0/92                            generic        Sky Lake-E CHA Registers
/0/93                            generic        Sky Lake-E CHA Registers
/0/94                            generic        Sky Lake-E CHA Registers
/0/95                            generic        Sky Lake-E CHA Registers
/0/96                            generic        Sky Lake-E CHA Registers
/0/97                            generic        Sky Lake-E CHA Registers
/0/98                            generic        Sky Lake-E CHA Registers
/0/99                            generic        Sky Lake-E CHA Registers
/0/9a                            generic        Sky Lake-E CHA Registers
/0/9b                            generic        Sky Lake-E CHA Registers
/0/9c                            generic        Sky Lake-E CHA Registers
/0/9d                            generic        Sky Lake-E CHA Registers
/0/9e                            generic        Sky Lake-E CHA Registers
/0/9f                            generic        Sky Lake-E CHA Registers
/0/a0                            generic        Sky Lake-E CHA Registers
/0/a1                            generic        Sky Lake-E CHA Registers
/0/a2                            generic        Sky Lake-E CHA Registers
/0/a3                            generic        Sky Lake-E CHA Registers
/0/a4                            generic        Sky Lake-E CHA Registers
/0/a5                            generic        Sky Lake-E CHA Registers
/0/a6                            generic        Sky Lake-E CHA Registers
/0/a7                            generic        Sky Lake-E CHA Registers
/0/a8                            generic        Sky Lake-E CHA Registers
/0/a9                            generic        Sky Lake-E CHA Registers
/0/aa                            generic        Sky Lake-E CHA Registers
/0/ab                            generic        Sky Lake-E CHA Registers
/0/ac                            generic        Sky Lake-E CHA Registers
/0/ad                            generic        Sky Lake-E CHA Registers
/0/ae                            generic        Sky Lake-E CHA Registers
/0/af                            generic        Sky Lake-E CHA Registers
/0/b0                            generic        Sky Lake-E CHA Registers
/0/b1                            generic        Sky Lake-E CHA Registers
/0/b2                            generic        Sky Lake-E CHA Registers
/0/b3                            generic        Sky Lake-E CHA Registers
/0/b4                            generic        Sky Lake-E CHA Registers
/0/b5                            generic        Sky Lake-E CHA Registers
/0/b6                            generic        Sky Lake-E CHA Registers
/0/b7                            generic        Sky Lake-E CHA Registers
/0/b8                            generic        Sky Lake-E CHA Registers
/0/b9                            generic        Sky Lake-E CHA Registers
/0/ba                            generic        Sky Lake-E CHA Registers
/0/bb                            generic        Sky Lake-E CHA Registers
/0/bc                            generic        Sky Lake-E CHA Registers
/0/bd                            generic        Sky Lake-E CHA Registers
/0/be                            generic        Sky Lake-E CHA Registers
/0/bf                            generic        Sky Lake-E CHA Registers
/0/c0                            generic        Sky Lake-E PCU Registers
/0/c1                            generic        Sky Lake-E PCU Registers
/0/c2                            generic        Sky Lake-E PCU Registers
/0/c3                            generic        Sky Lake-E PCU Registers
/0/c4                            generic        Sky Lake-E PCU Registers
/0/c5                            generic        Sky Lake-E PCU Registers
/0/c6                            generic        Sky Lake-E PCU Registers
/0/0                             bridge         Sky Lake-E PCI Express Root Port A
/0/0/0                           bridge         PLX Technology, Inc.
/0/0/0/8                         bridge         PLX Technology, Inc.
/0/0/0/8/0                       bridge         PLX Technology, Inc.
/0/0/0/8/0/4                     bridge         PLX Technology, Inc.
/0/0/0/8/0/4/0                   display        GV100GL [Tesla V100 SXM2 16GB]
/0/0/0/8/0/8                     bridge         PLX Technology, Inc.
/0/0/0/8/0/8/0                   display        GV100GL [Tesla V100 SXM2 16GB]
/0/0/0/8/0/c                     bridge         PLX Technology, Inc.
/0/0/0/8/0/10                    bridge         PLX Technology, Inc.
/0/0/0/8/0/14                    bridge         PLX Technology, Inc.
/0/0/0/8/0/14/0      enp183s0f0  network        MT27710 Family [ConnectX-4 Lx]
/0/0/0/8/0/14/0.1    enp183s0f1  network        MT27710 Family [ConnectX-4 Lx]
/0/0/0/10                        bridge         PLX Technology, Inc.
/0/0/0/10/0          enp184s0f0  network        I350 Gigabit Network Connection
/0/0/0/10/0.1        enp184s0f1  network        I350 Gigabit Network Connection
/0/c7                            generic        Intel Corporation
/0/c8                            generic        Sky Lake-E RAS Configuration Registers
/0/c9                            generic        Intel Corporation
/0/8                             generic        Intel Corporation
/0/ca                            generic        Intel Corporation
/0/cb                            generic        Intel Corporation
/0/cc                            generic        Intel Corporation
/0/cd                            generic        Intel Corporation
/0/ce                            generic        Intel Corporation
/0/cf                            generic        Intel Corporation
/0/d0                            generic        Intel Corporation
/0/d1                            generic        Intel Corporation
/0/d2                            generic        Intel Corporation
/0/d3                            generic        Intel Corporation
/0/d4                            generic        Intel Corporation
/0/d5                            generic        Intel Corporation
/0/d6                            generic        Intel Corporation
/0/d7                            generic        Intel Corporation
/0/d8                            generic        Intel Corporation
/0/d9                            generic        Intel Corporation
/0/da                            generic        Intel Corporation
/0/db                            generic        Intel Corporation
/0/dc                            generic        Intel Corporation
/0/dd                            generic        Intel Corporation
/0/de                            generic        Intel Corporation
/0/df                            generic        Intel Corporation
/0/e0                            generic        Intel Corporation
/0/e1                            generic        Intel Corporation
/0/e2                            generic        Intel Corporation
/0/5                             generic        Intel Corporation
/0/5.2                           generic        Sky Lake-E RAS Configuration Registers
/0/5.4                           generic        Intel Corporation
/0/e3                            generic        Intel Corporation
/0/e4                            generic        Intel Corporation
/0/e5                            generic        Intel Corporation
/0/e6                            generic        Intel Corporation
/0/e7                            generic        Intel Corporation
/0/e8                            generic        Intel Corporation
/0/e9                            generic        Sky Lake-E M3KTI Registers
/0/ea                            generic        Sky Lake-E M3KTI Registers
/0/eb                            generic        Sky Lake-E M3KTI Registers
/0/ec                            generic        Sky Lake-E M3KTI Registers
/0/ed                            generic        Sky Lake-E M3KTI Registers
/0/ee                            generic        Sky Lake-E M2PCI Registers
/0/ef                            generic        Sky Lake-E M2PCI Registers
/0/f0                            generic        Sky Lake-E M2PCI Registers
/0/f1                            generic        Sky Lake-E M2PCI Registers
/0/f2                            system         PnP device PNP0b00
/0/f3                            system         PnP device PNP0c02
/0/f4                            communication  PnP device PNP0501
/0/f5                            system         PnP device PNP0c02
/0/f6                            system         PnP device PNP0c02
/0/f7                            system         PnP device PNP0c02
/1                   scsi1       storage        
/2                   docker0     network        Ethernet interface
WARNING: output may be incomplete or inaccurate, you should run this program as super-user.
